Start testing: Oct 04 23:08 +03
----------------------------------------------------------
1/1 Testing: Test1
1/1 Test: Test1
Command: "/home/valkovik/PIRV/build/Test1"
Directory: /home/valkovik/PIRV/build
"Test1" start time: Oct 04 23:08 +03
Output:
----------------------------------------------------------
Test90 100 110 120 
202 228 254 280 
314 356 398 440 
426 484 542 600 
90 100 110 120 
202 228 254 280 
314 356 398 440 
426 484 542 600 
<end of output>
Test time =   0.06 sec
----------------------------------------------------------
Test Passed.
"Test1" end time: Oct 04 23:08 +03
"Test1" time elapsed: 00:00:00
----------------------------------------------------------

End testing: Oct 04 23:08 +03
